2026-07-13 03:00:12,156 [INFO] Start board=beauty pages=1-1
2026-07-13 03:00:14,355 [INFO] Page complete board=beauty page=1 posts=20
2026-07-13 03:00:19,991 [INFO] End board=beauty pages=1 posts=20 comments=0 elapsed=7.84s
2026-07-13 03:01:48,347 [INFO] Start board=beauty pages=1-1
2026-07-13 03:01:50,184 [INFO] Page complete board=beauty page=1 posts=20
2026-07-13 03:01:50,189 [INFO] End board=beauty pages=1 posts=0 comments=0 elapsed=1.84s
2026-07-13 03:02:52,981 [INFO] Start board=beauty pages=1-1
2026-07-13 03:02:54,680 [INFO] Page complete board=beauty page=1 posts=20
2026-07-13 03:03:00,321 [INFO] End board=beauty pages=1 posts=20 comments=0 elapsed=7.34s
2026-07-13 03:07:41,728 [INFO] Start board=beauty pages=1-1
2026-07-13 03:07:41,829 [WARNING] Retry 1/3 url=https://theqoo.net/beauty?page=1 error=HTTPSConnectionPool(host='theqoo.net', port=443): Max retries exceeded with url: /beauty?page=1 (Caused by NewConnectionError("HTTPSConnection(host='theqoo.net', port=443): Failed to establish a new connection: [WinError 10013] An attempt was made to access a socket in a way forbidden by its access permissions"))
2026-07-13 03:07:42,836 [WARNING] Retry 2/3 url=https://theqoo.net/beauty?page=1 error=HTTPSConnectionPool(host='theqoo.net', port=443): Max retries exceeded with url: /beauty?page=1 (Caused by NewConnectionError("HTTPSConnection(host='theqoo.net', port=443): Failed to establish a new connection: [WinError 10013] An attempt was made to access a socket in a way forbidden by its access permissions"))
2026-07-13 03:07:44,845 [WARNING] Retry 3/3 url=https://theqoo.net/beauty?page=1 error=HTTPSConnectionPool(host='theqoo.net', port=443): Max retries exceeded with url: /beauty?page=1 (Caused by NewConnectionError("HTTPSConnection(host='theqoo.net', port=443): Failed to establish a new connection: [WinError 10013] An attempt was made to access a socket in a way forbidden by its access permissions"))
2026-07-13 03:07:47,846 [ERROR] Page failed board=beauty page=1 error=Request failed after retries: https://theqoo.net/beauty?page=1
Traceback (most recent call last):
  File "C:\Users\hohoh\AppData\Local\Programs\Python\Python311\Lib\site-packages\urllib3\connection.py", line 204, in _new_conn
    sock = connection.create_connection(
           ^^^^^^^^^^^^^^^^^^^^^^^^^^^^^
  File "C:\Users\hohoh\AppData\Local\Programs\Python\Python311\Lib\site-packages\urllib3\util\connection.py", line 85, in create_connection
    raise err
  File "C:\Users\hohoh\AppData\Local\Programs\Python\Python311\Lib\site-packages\urllib3\util\connection.py", line 73, in create_connection
    sock.connect(sa)
PermissionError: [WinError 10013] An attempt was made to access a socket in a way forbidden by its access permissions

The above exception was the direct cause of the following exception:

Traceback (most recent call last):
  File "C:\Users\hohoh\AppData\Local\Programs\Python\Python311\Lib\site-packages\urllib3\connectionpool.py", line 788, in urlopen
    response = self._make_request(
               ^^^^^^^^^^^^^^^^^^^
  File "C:\Users\hohoh\AppData\Local\Programs\Python\Python311\Lib\site-packages\urllib3\connectionpool.py", line 488, in _make_request
    raise new_e
  File "C:\Users\hohoh\AppData\Local\Programs\Python\Python311\Lib\site-packages\urllib3\connectionpool.py", line 464, in _make_request
    self._validate_conn(conn)
  File "C:\Users\hohoh\AppData\Local\Programs\Python\Python311\Lib\site-packages\urllib3\connectionpool.py", line 1106, in _validate_conn
    conn.connect()
  File "C:\Users\hohoh\AppData\Local\Programs\Python\Python311\Lib\site-packages\urllib3\connection.py", line 759, in connect
    self.sock = sock = self._new_conn()
                       ^^^^^^^^^^^^^^^^
  File "C:\Users\hohoh\AppData\Local\Programs\Python\Python311\Lib\site-packages\urllib3\connection.py", line 219, in _new_conn
    raise NewConnectionError(
urllib3.exceptions.NewConnectionError: HTTPSConnection(host='theqoo.net', port=443): Failed to establish a new connection: [WinError 10013] An attempt was made to access a socket in a way forbidden by its access permissions

The above exception was the direct cause of the following exception:

Traceback (most recent call last):
  File "C:\Users\hohoh\AppData\Local\Programs\Python\Python311\Lib\site-packages\requests\adapters.py", line 696, in send
    resp = conn.urlopen(
           ^^^^^^^^^^^^^
  File "C:\Users\hohoh\AppData\Local\Programs\Python\Python311\Lib\site-packages\urllib3\connectionpool.py", line 842, in urlopen
    retries = retries.increment(
              ^^^^^^^^^^^^^^^^^^
  File "C:\Users\hohoh\AppData\Local\Programs\Python\Python311\Lib\site-packages\urllib3\util\retry.py", line 543, in increment
    raise MaxRetryError(_pool, url, reason) from reason  # type: ignore[arg-type]
    ^^^^^^^^^^^^^^^^^^^^^^^^^^^^^^^^^^^^^^^^^^^^^^^^^^^
urllib3.exceptions.MaxRetryError: HTTPSConnectionPool(host='theqoo.net', port=443): Max retries exceeded with url: /beauty?page=1 (Caused by NewConnectionError("HTTPSConnection(host='theqoo.net', port=443): Failed to establish a new connection: [WinError 10013] An attempt was made to access a socket in a way forbidden by its access permissions"))

During handling of the above exception, another exception occurred:

Traceback (most recent call last):
  File "C:\Users\hohoh\Documents\HanYang University\4-1\HSTA\카카오스타일\VOC\Community\theqoo\theqoo_crawler\crawler.py", line 190, in fetch_text
    response = self.session.get(url, timeout=self.runtime.timeout)
               ^^^^^^^^^^^^^^^^^^^^^^^^^^^^^^^^^^^^^^^^^^^^^^^^^^^
  File "C:\Users\hohoh\AppData\Local\Programs\Python\Python311\Lib\site-packages\requests\sessions.py", line 671, in get
    return self.request("GET", url, params=params, **kwargs)
           ^^^^^^^^^^^^^^^^^^^^^^^^^^^^^^^^^^^^^^^^^^^^^^^^^
  File "C:\Users\hohoh\AppData\Local\Programs\Python\Python311\Lib\site-packages\requests\sessions.py", line 651, in request
    resp = self.send(prep, **send_kwargs)
           ^^^^^^^^^^^^^^^^^^^^^^^^^^^^^^
  File "C:\Users\hohoh\AppData\Local\Programs\Python\Python311\Lib\site-packages\requests\sessions.py", line 784, in send
    r = adapter.send(request, **kwargs)
        ^^^^^^^^^^^^^^^^^^^^^^^^^^^^^^^
  File "C:\Users\hohoh\AppData\Local\Programs\Python\Python311\Lib\site-packages\requests\adapters.py", line 729, in send
    raise ConnectionError(e, request=request)
requests.exceptions.ConnectionError: HTTPSConnectionPool(host='theqoo.net', port=443): Max retries exceeded with url: /beauty?page=1 (Caused by NewConnectionError("HTTPSConnection(host='theqoo.net', port=443): Failed to establish a new connection: [WinError 10013] An attempt was made to access a socket in a way forbidden by its access permissions"))

The above exception was the direct cause of the following exception:

Traceback (most recent call last):
  File "C:\Users\hohoh\Documents\HanYang University\4-1\HSTA\카카오스타일\VOC\Community\theqoo\theqoo_crawler\crawler.py", line 87, in crawl_board
    html = self.fetch_text(self.board_url(board, page))
           ^^^^^^^^^^^^^^^^^^^^^^^^^^^^^^^^^^^^^^^^^^^^
  File "C:\Users\hohoh\Documents\HanYang University\4-1\HSTA\카카오스타일\VOC\Community\theqoo\theqoo_crawler\crawler.py", line 201, in fetch_text
    raise RuntimeError(f"Request failed after retries: {url}") from last_error
RuntimeError: Request failed after retries: https://theqoo.net/beauty?page=1
2026-07-13 03:07:48,186 [INFO] End board=beauty pages=0 posts=0 comments=0 elapsed=6.46s
2026-07-13 03:08:42,505 [INFO] Start board=beauty pages=1-1
2026-07-13 03:08:44,338 [INFO] Page complete board=beauty page=1 posts=20
2026-07-13 03:08:44,343 [INFO] End board=beauty pages=1 posts=0 comments=0 elapsed=1.87s
2026-07-13 03:09:22,640 [INFO] Start board=beauty pages=1-1
2026-07-13 03:09:24,297 [INFO] Page complete board=beauty page=1 posts=20
2026-07-13 03:09:30,789 [INFO] End board=beauty pages=1 posts=9 comments=0 elapsed=8.15s
2026-07-13 03:13:41,443 [INFO] Start board=beauty pages=1-1
2026-07-13 03:13:43,073 [INFO] Page complete board=beauty page=1 posts=20
2026-07-13 03:13:49,022 [INFO] End board=beauty pages=1 posts=9 comments=25 elapsed=7.62s
