2026-07-13 13:44:26 [INFO] __main__: 인스티즈 크롤러 시작
2026-07-13 13:44:26 [INFO] __main__: 
게시판 크롤링: name_beauty (카테고리: 12, 페이지: 1~20)
2026-07-13 13:44:26 [INFO] crawler: 게시판 크롤링 시작: name_beauty (카테고리: 12)
2026-07-13 13:44:28 [WARNING] parser: 게시물 항목을 찾을 수 없음: tr[id]
2026-07-13 13:44:28 [WARNING] crawler: 페이지 1에서 게시글을 찾을 수 없음
2026-07-13 13:44:29 [WARNING] parser: 게시물 항목을 찾을 수 없음: tr[id]
2026-07-13 13:44:29 [WARNING] crawler: 페이지 2에서 게시글을 찾을 수 없음
2026-07-13 13:44:30 [WARNING] parser: 게시물 항목을 찾을 수 없음: tr[id]
2026-07-13 13:44:30 [WARNING] crawler: 페이지 3에서 게시글을 찾을 수 없음
2026-07-13 13:44:32 [WARNING] parser: 게시물 항목을 찾을 수 없음: tr[id]
2026-07-13 13:44:32 [WARNING] crawler: 페이지 4에서 게시글을 찾을 수 없음
2026-07-13 13:44:33 [WARNING] parser: 게시물 항목을 찾을 수 없음: tr[id]
2026-07-13 13:44:33 [WARNING] crawler: 페이지 5에서 게시글을 찾을 수 없음
2026-07-13 13:44:34 [WARNING] parser: 게시물 항목을 찾을 수 없음: tr[id]
2026-07-13 13:44:34 [WARNING] crawler: 페이지 6에서 게시글을 찾을 수 없음
2026-07-13 13:44:35 [WARNING] parser: 게시물 항목을 찾을 수 없음: tr[id]
2026-07-13 13:44:35 [WARNING] crawler: 페이지 7에서 게시글을 찾을 수 없음
2026-07-13 13:44:36 [WARNING] parser: 게시물 항목을 찾을 수 없음: tr[id]
2026-07-13 13:44:36 [WARNING] crawler: 페이지 8에서 게시글을 찾을 수 없음
2026-07-13 13:44:38 [WARNING] parser: 게시물 항목을 찾을 수 없음: tr[id]
2026-07-13 13:44:38 [WARNING] crawler: 페이지 9에서 게시글을 찾을 수 없음
2026-07-13 13:44:39 [WARNING] parser: 게시물 항목을 찾을 수 없음: tr[id]
2026-07-13 13:44:39 [WARNING] crawler: 페이지 10에서 게시글을 찾을 수 없음
2026-07-13 13:44:40 [WARNING] parser: 게시물 항목을 찾을 수 없음: tr[id]
2026-07-13 13:44:40 [WARNING] crawler: 페이지 11에서 게시글을 찾을 수 없음
2026-07-13 13:44:41 [WARNING] parser: 게시물 항목을 찾을 수 없음: tr[id]
2026-07-13 13:44:41 [WARNING] crawler: 페이지 12에서 게시글을 찾을 수 없음
2026-07-13 13:44:43 [WARNING] parser: 게시물 항목을 찾을 수 없음: tr[id]
2026-07-13 13:44:43 [WARNING] crawler: 페이지 13에서 게시글을 찾을 수 없음
2026-07-13 13:44:44 [WARNING] parser: 게시물 항목을 찾을 수 없음: tr[id]
2026-07-13 13:44:44 [WARNING] crawler: 페이지 14에서 게시글을 찾을 수 없음
2026-07-13 13:44:45 [WARNING] parser: 게시물 항목을 찾을 수 없음: tr[id]
2026-07-13 13:44:45 [WARNING] crawler: 페이지 15에서 게시글을 찾을 수 없음
2026-07-13 13:44:46 [WARNING] parser: 게시물 항목을 찾을 수 없음: tr[id]
2026-07-13 13:44:46 [WARNING] crawler: 페이지 16에서 게시글을 찾을 수 없음
2026-07-13 13:44:47 [WARNING] parser: 게시물 항목을 찾을 수 없음: tr[id]
2026-07-13 13:44:47 [WARNING] crawler: 페이지 17에서 게시글을 찾을 수 없음
2026-07-13 13:44:48 [WARNING] parser: 게시물 항목을 찾을 수 없음: tr[id]
2026-07-13 13:44:48 [WARNING] crawler: 페이지 18에서 게시글을 찾을 수 없음
2026-07-13 13:44:50 [WARNING] parser: 게시물 항목을 찾을 수 없음: tr[id]
2026-07-13 13:44:50 [WARNING] crawler: 페이지 19에서 게시글을 찾을 수 없음
2026-07-13 13:44:51 [WARNING] parser: 게시물 항목을 찾을 수 없음: tr[id]
2026-07-13 13:44:51 [WARNING] crawler: 페이지 20에서 게시글을 찾을 수 없음
2026-07-13 13:44:51 [INFO] crawler: 게시판 크롤링 완료: 0개 게시글 수집
2026-07-13 13:44:51 [WARNING] __main__: 저장할 게시글이 없습니다
2026-07-13 13:44:51 [INFO] __main__: ==================================================
2026-07-13 13:44:51 [INFO] __main__: 크롤링 완료
2026-07-13 13:44:51 [INFO] __main__: ==================================================
2026-07-13 13:44:51 [INFO] __main__: 시작 시간: 2026-07-13T13:44:26.431062
2026-07-13 13:44:51 [INFO] __main__: 종료 시간: 2026-07-13T13:44:51.450084
2026-07-13 13:44:51 [INFO] __main__: 실행 시간: 25초
2026-07-13 13:44:51 [INFO] __main__: --------------------------------------------------
2026-07-13 13:44:51 [INFO] __main__: 게시판 수: 1
2026-07-13 13:44:51 [INFO] __main__: 페이지 수: 20
2026-07-13 13:44:51 [INFO] __main__: 게시글 수: 0
2026-07-13 13:44:51 [INFO] __main__: 댓글 수: 0
2026-07-13 13:44:51 [INFO] __main__: --------------------------------------------------
2026-07-13 13:44:51 [INFO] __main__: 오류 수: 0
2026-07-13 13:44:51 [INFO] __main__: 재시도 횟수: 0
2026-07-13 13:44:51 [INFO] __main__: 평균 처리 속도: 0.00 게시글/초
2026-07-13 13:44:51 [INFO] __main__: ==================================================
2026-07-13 13:44:51 [INFO] __main__: 인스티즈 크롤러 종료
2026-07-13 13:46:32 [INFO] __main__: 인스티즈 크롤러 시작
2026-07-13 13:46:32 [INFO] __main__: 
게시판 크롤링: name_beauty (카테고리: 12, 페이지: 1~3)
2026-07-13 13:46:32 [INFO] crawler: 게시판 크롤링 시작: name_beauty (카테고리: 12)
2026-07-13 13:46:34 [WARNING] parser: 게시물 항목을 찾을 수 없음: tr[id]
2026-07-13 13:46:34 [WARNING] crawler: 페이지 1에서 게시글을 찾을 수 없음
2026-07-13 13:46:35 [WARNING] parser: 게시물 항목을 찾을 수 없음: tr[id]
2026-07-13 13:46:35 [WARNING] crawler: 페이지 2에서 게시글을 찾을 수 없음
2026-07-13 13:46:36 [WARNING] parser: 게시물 항목을 찾을 수 없음: tr[id]
2026-07-13 13:46:36 [WARNING] crawler: 페이지 3에서 게시글을 찾을 수 없음
2026-07-13 13:46:36 [INFO] crawler: 게시판 크롤링 완료: 0개 게시글 수집
2026-07-13 13:46:36 [WARNING] __main__: 저장할 게시글이 없습니다
2026-07-13 13:46:36 [INFO] __main__: ==================================================
2026-07-13 13:46:36 [INFO] __main__: 크롤링 완료
2026-07-13 13:46:36 [INFO] __main__: ==================================================
2026-07-13 13:46:36 [INFO] __main__: 시작 시간: 2026-07-13T13:46:32.662464
2026-07-13 13:46:36 [INFO] __main__: 종료 시간: 2026-07-13T13:46:36.527899
2026-07-13 13:46:36 [INFO] __main__: 실행 시간: 3초
2026-07-13 13:46:36 [INFO] __main__: --------------------------------------------------
2026-07-13 13:46:36 [INFO] __main__: 게시판 수: 1
2026-07-13 13:46:36 [INFO] __main__: 페이지 수: 3
2026-07-13 13:46:36 [INFO] __main__: 게시글 수: 0
2026-07-13 13:46:36 [INFO] __main__: 댓글 수: 0
2026-07-13 13:46:36 [INFO] __main__: --------------------------------------------------
2026-07-13 13:46:36 [INFO] __main__: 오류 수: 0
2026-07-13 13:46:36 [INFO] __main__: 재시도 횟수: 0
2026-07-13 13:46:36 [INFO] __main__: 평균 처리 속도: 0.00 게시글/초
2026-07-13 13:46:36 [INFO] __main__: ==================================================
2026-07-13 13:46:36 [INFO] __main__: 인스티즈 크롤러 종료
2026-07-13 13:48:20 [INFO] __main__: 인스티즈 크롤러 시작
2026-07-13 13:48:20 [INFO] __main__: 
게시판 크롤링: name_beauty (카테고리: 12, 페이지: 1~5)
2026-07-13 13:48:20 [INFO] crawler: 게시판 크롤링 시작: name_beauty (카테고리: 12)
2026-07-13 13:48:22 [WARNING] parser: 게시물 항목을 찾을 수 없음: tr#detour
2026-07-13 13:48:22 [WARNING] crawler: 페이지 1에서 게시글을 찾을 수 없음
2026-07-13 13:48:23 [WARNING] parser: 게시물 항목을 찾을 수 없음: tr#detour
2026-07-13 13:48:23 [WARNING] crawler: 페이지 2에서 게시글을 찾을 수 없음
2026-07-13 13:48:25 [WARNING] parser: 게시물 항목을 찾을 수 없음: tr#detour
2026-07-13 13:48:25 [WARNING] crawler: 페이지 3에서 게시글을 찾을 수 없음
2026-07-13 13:48:26 [WARNING] parser: 게시물 항목을 찾을 수 없음: tr#detour
2026-07-13 13:48:26 [WARNING] crawler: 페이지 4에서 게시글을 찾을 수 없음
2026-07-13 13:48:27 [WARNING] parser: 게시물 항목을 찾을 수 없음: tr#detour
2026-07-13 13:48:27 [WARNING] crawler: 페이지 5에서 게시글을 찾을 수 없음
2026-07-13 13:48:27 [INFO] crawler: 게시판 크롤링 완료: 0개 게시글 수집
2026-07-13 13:48:27 [WARNING] __main__: 저장할 게시글이 없습니다
2026-07-13 13:48:27 [INFO] __main__: ==================================================
2026-07-13 13:48:27 [INFO] __main__: 크롤링 완료
2026-07-13 13:48:27 [INFO] __main__: ==================================================
2026-07-13 13:48:27 [INFO] __main__: 시작 시간: 2026-07-13T13:48:20.951368
2026-07-13 13:48:27 [INFO] __main__: 종료 시간: 2026-07-13T13:48:27.386676
2026-07-13 13:48:27 [INFO] __main__: 실행 시간: 6초
2026-07-13 13:48:27 [INFO] __main__: --------------------------------------------------
2026-07-13 13:48:27 [INFO] __main__: 게시판 수: 1
2026-07-13 13:48:27 [INFO] __main__: 페이지 수: 5
2026-07-13 13:48:27 [INFO] __main__: 게시글 수: 0
2026-07-13 13:48:27 [INFO] __main__: 댓글 수: 0
2026-07-13 13:48:27 [INFO] __main__: --------------------------------------------------
2026-07-13 13:48:27 [INFO] __main__: 오류 수: 0
2026-07-13 13:48:27 [INFO] __main__: 재시도 횟수: 0
2026-07-13 13:48:27 [INFO] __main__: 평균 처리 속도: 0.00 게시글/초
2026-07-13 13:48:27 [INFO] __main__: ==================================================
2026-07-13 13:48:27 [INFO] __main__: 인스티즈 크롤러 종료
2026-07-13 13:49:07 [INFO] __main__: 인스티즈 크롤러 시작
2026-07-13 13:49:07 [INFO] __main__: 
게시판 크롤링: name_beauty (카테고리: 12, 페이지: 1~1)
2026-07-13 13:49:07 [INFO] crawler: 게시판 크롤링 시작: name_beauty (카테고리: 12)
2026-07-13 13:49:07 [DEBUG] crawler: 게시판 목록 요청: https://www.instiz.net/name_beauty?page=1&category=12
2026-07-13 13:49:09 [WARNING] parser: 게시물 항목을 찾을 수 없음: tr#detour
2026-07-13 13:49:09 [DEBUG] parser: 테이블 개수: 0
2026-07-13 13:49:09 [DEBUG] parser: 대체 1: tr#greenv 시도
2026-07-13 13:49:09 [DEBUG] parser: 대체 2: div.listsubject 시도
2026-07-13 13:49:09 [DEBUG] parser: 대체 3: table.mboard tr 시도
2026-07-13 13:49:09 [DEBUG] parser: available tables: 0, divs: 0
2026-07-13 13:49:09 [DEBUG] parser: 대체 4: tr[id] 시도
2026-07-13 13:49:09 [WARNING] crawler: 페이지 1에서 게시글을 찾을 수 없음
2026-07-13 13:49:09 [INFO] crawler: 게시판 크롤링 완료: 0개 게시글 수집
2026-07-13 13:49:09 [WARNING] __main__: 저장할 게시글이 없습니다
2026-07-13 13:49:09 [INFO] __main__: ==================================================
2026-07-13 13:49:09 [INFO] __main__: 크롤링 완료
2026-07-13 13:49:09 [INFO] __main__: ==================================================
2026-07-13 13:49:09 [INFO] __main__: 시작 시간: 2026-07-13T13:49:07.568768
2026-07-13 13:49:09 [INFO] __main__: 종료 시간: 2026-07-13T13:49:09.380429
2026-07-13 13:49:09 [INFO] __main__: 실행 시간: 1초
2026-07-13 13:49:09 [INFO] __main__: --------------------------------------------------
2026-07-13 13:49:09 [INFO] __main__: 게시판 수: 1
2026-07-13 13:49:09 [INFO] __main__: 페이지 수: 1
2026-07-13 13:49:09 [INFO] __main__: 게시글 수: 0
2026-07-13 13:49:09 [INFO] __main__: 댓글 수: 0
2026-07-13 13:49:09 [INFO] __main__: --------------------------------------------------
2026-07-13 13:49:09 [INFO] __main__: 오류 수: 0
2026-07-13 13:49:09 [INFO] __main__: 재시도 횟수: 0
2026-07-13 13:49:09 [INFO] __main__: 평균 처리 속도: 0.00 게시글/초
2026-07-13 13:49:09 [INFO] __main__: ==================================================
2026-07-13 13:49:09 [INFO] __main__: 인스티즈 크롤러 종료
2026-07-13 14:05:35 [INFO] __main__: 인스티즈 크롤러 시작
2026-07-13 14:05:35 [INFO] crawler: 브라우저 시작 중...
2026-07-13 14:05:41 [ERROR] crawler: 브라우저 시작 실패: Executable doesn't exist at C:\Users\hohoh\AppData\Local\ms-playwright\chromium-1091\chrome-win\chrome.exe
╔════════════════════════════════════════════════════════════╗
║ Looks like Playwright was just installed or updated.       ║
║ Please run the following command to download new browsers: ║
║                                                            ║
║     playwright install                                     ║
║                                                            ║
║ <3 Playwright Team                                         ║
╚════════════════════════════════════════════════════════════╝
2026-07-13 14:05:41 [ERROR] __main__: 크롤링 중 오류 발생: Executable doesn't exist at C:\Users\hohoh\AppData\Local\ms-playwright\chromium-1091\chrome-win\chrome.exe
╔════════════════════════════════════════════════════════════╗
║ Looks like Playwright was just installed or updated.       ║
║ Please run the following command to download new browsers: ║
║                                                            ║
║     playwright install                                     ║
║                                                            ║
║ <3 Playwright Team                                         ║
╚════════════════════════════════════════════════════════════╝
Traceback (most recent call last):
  File "C:\Users\hohoh\Documents\HanYang University\4-1\HSTA\카카오스타일\VOC\Community\instiz\instiz_crawler\main.py", line 311, in main
    crawler.start_browser()
  File "C:\Users\hohoh\Documents\HanYang University\4-1\HSTA\카카오스타일\VOC\Community\instiz\instiz_crawler\crawler.py", line 70, in start_browser
    self.browser = self.playwright.chromium.launch(
                   ^^^^^^^^^^^^^^^^^^^^^^^^^^^^^^^^
  File "C:\Users\hohoh\Documents\HanYang University\4-1\HSTA\카카오스타일\VOC\Community\instiz\instiz_crawler\.venv\Lib\site-packages\playwright\sync_api\_generated.py", line 14806, in launch
    self._sync(
  File "C:\Users\hohoh\Documents\HanYang University\4-1\HSTA\카카오스타일\VOC\Community\instiz\instiz_crawler\.venv\Lib\site-packages\playwright\_impl\_sync_base.py", line 115, in _sync
    return task.result()
           ^^^^^^^^^^^^^
  File "C:\Users\hohoh\Documents\HanYang University\4-1\HSTA\카카오스타일\VOC\Community\instiz\instiz_crawler\.venv\Lib\site-packages\playwright\_impl\_browser_type.py", line 95, in launch
    Browser, from_channel(await self._channel.send("launch", params))
                          ^^^^^^^^^^^^^^^^^^^^^^^^^^^^^^^^^^^^^^^^^^
  File "C:\Users\hohoh\Documents\HanYang University\4-1\HSTA\카카오스타일\VOC\Community\instiz\instiz_crawler\.venv\Lib\site-packages\playwright\_impl\_connection.py", line 62, in send
    return await self._connection.wrap_api_call(
           ^^^^^^^^^^^^^^^^^^^^^^^^^^^^^^^^^^^^^
  File "C:\Users\hohoh\Documents\HanYang University\4-1\HSTA\카카오스타일\VOC\Community\instiz\instiz_crawler\.venv\Lib\site-packages\playwright\_impl\_connection.py", line 492, in wrap_api_call
    return await cb()
           ^^^^^^^^^^
  File "C:\Users\hohoh\Documents\HanYang University\4-1\HSTA\카카오스타일\VOC\Community\instiz\instiz_crawler\.venv\Lib\site-packages\playwright\_impl\_connection.py", line 100, in inner_send
    result = next(iter(done)).result()
             ^^^^^^^^^^^^^^^^^^^^^^^^^
playwright._impl._errors.Error: Executable doesn't exist at C:\Users\hohoh\AppData\Local\ms-playwright\chromium-1091\chrome-win\chrome.exe
╔════════════════════════════════════════════════════════════╗
║ Looks like Playwright was just installed or updated.       ║
║ Please run the following command to download new browsers: ║
║                                                            ║
║     playwright install                                     ║
║                                                            ║
║ <3 Playwright Team                                         ║
╚════════════════════════════════════════════════════════════╝
2026-07-13 14:05:41 [INFO] crawler: 브라우저 종료 중...
2026-07-13 14:05:41 [INFO] crawler: 브라우저 종료 완료
2026-07-13 14:07:41 [INFO] __main__: 인스티즈 크롤러 시작
2026-07-13 14:07:41 [INFO] crawler: 브라우저 시작 중...
2026-07-13 14:07:42 [INFO] crawler: 브라우저 시작 완료
2026-07-13 14:07:42 [INFO] __main__: 
게시판 크롤링: name_beauty (카테고리: 12, 페이지: 1~1)
2026-07-13 14:07:42 [INFO] crawler: 게시판 크롤링 시작: name_beauty (카테고리: 12)
2026-07-13 14:07:42 [ERROR] __main__: 크롤링 중 오류 발생: module 'config' has no attribute 'BASE_URL'
Traceback (most recent call last):
  File "C:\Users\hohoh\Documents\HanYang University\4-1\HSTA\카카오스타일\VOC\Community\instiz\instiz_crawler\main.py", line 326, in main
    posts, post_details = crawler.crawl_board(board, category, start, end)
                          ^^^^^^^^^^^^^^^^^^^^^^^^^^^^^^^^^^^^^^^^^^^^^^^^
  File "C:\Users\hohoh\Documents\HanYang University\4-1\HSTA\카카오스타일\VOC\Community\instiz\instiz_crawler\crawler.py", line 289, in crawl_board
    page_posts = self.fetch_board_list(board, category, page)
                 ^^^^^^^^^^^^^^^^^^^^^^^^^^^^^^^^^^^^^^^^^^^^
  File "C:\Users\hohoh\Documents\HanYang University\4-1\HSTA\카카오스타일\VOC\Community\instiz\instiz_crawler\crawler.py", line 200, in fetch_board_list
    url = f"{config.BASE_URL}/{board}?page={page}&category={category}"
             ^^^^^^^^^^^^^^^
AttributeError: module 'config' has no attribute 'BASE_URL'
2026-07-13 14:07:42 [INFO] crawler: 브라우저 종료 중...
2026-07-13 14:07:42 [INFO] crawler: 브라우저 종료 완료
2026-07-13 14:10:04 [INFO] __main__: 인스티즈 크롤러 시작
2026-07-13 14:10:04 [INFO] crawler: 브라우저 시작 중...
2026-07-13 14:10:06 [INFO] crawler: 브라우저 시작 완료
2026-07-13 14:10:06 [INFO] __main__: 
게시판 크롤링: name_beauty (카테고리: 12, 페이지: 1~1)
2026-07-13 14:10:06 [INFO] crawler: 게시판 크롤링 시작: name_beauty (카테고리: 12)
2026-07-13 14:10:14 [INFO] crawler: 게시판 크롤링 완료: 15개 게시글 수집
2026-07-13 14:10:14 [INFO] crawler: 게시글 본문 수집 시작: 15개 게시글
2026-07-13 14:10:14 [ERROR] crawler: 게시글 본문 수집 실패: https://www.instiz.net/name_beauty/1668005?category=1&green=1 - Cannot switch to a different thread
	Current:  <greenlet.greenlet object at 0x0000029E4BEC8440 (otid=0x0000029E4826DBD0) current active started main>
	Expected: <greenlet.greenlet object at 0x0000029E4B66DB00 (otid=0x0000029E4826D3D0) suspended active started main>
2026-07-13 14:10:14 [ERROR] crawler: 게시글 본문 수집 실패: https://www.instiz.net/name_beauty/1668002?category=34&green=1 - Cannot switch to a different thread
	Current:  <greenlet.greenlet object at 0x0000029E4BEC8140 (otid=0x0000029E4826D4D0) current active started main>
	Expected: <greenlet.greenlet object at 0x0000029E4B66DB00 (otid=0x0000029E4826D3D0) suspended active started main>
2026-07-13 14:10:14 [ERROR] crawler: 게시글 본문 수집 실패: https://www.instiz.net/name_beauty/1668026?category=1&green=1 - Cannot switch to a different thread
	Current:  <greenlet.greenlet object at 0x0000029E4BEC83C0 (otid=0x0000029E4826DC10) current active started main>
	Expected: <greenlet.greenlet object at 0x0000029E4B66DB00 (otid=0x0000029E4826D3D0) suspended active started main>
2026-07-13 14:10:14 [ERROR] crawler: 게시글 본문 수집 실패: https://www.instiz.net/name_beauty/1668030?category=34&green=1 - Cannot switch to a different thread
	Current:  <greenlet.greenlet object at 0x0000029E4BEC8740 (otid=0x0000029E4826DC90) current active started main>
	Expected: <greenlet.greenlet object at 0x0000029E4B66DB00 (otid=0x0000029E4826D3D0) suspended active started main>
2026-07-13 14:10:14 [ERROR] crawler: 게시글 본문 수집 실패: https://www.instiz.net/name_beauty/1668027?category=27&green=1&grnpage=2 - Cannot switch to a different thread
	Current:  <greenlet.greenlet object at 0x0000029E4BEC8740 (otid=0x0000029E4826DC90) current active started main>
	Expected: <greenlet.greenlet object at 0x0000029E4B66DB00 (otid=0x0000029E4826D3D0) suspended active started main>
2026-07-13 14:10:14 [ERROR] crawler: 게시글 본문 수집 실패: https://www.instiz.net/name_beauty/1668025?category=27&green=1&grnpage=2 - Cannot switch to a different thread
	Current:  <greenlet.greenlet object at 0x0000029E4BEC8440 (otid=0x0000029E4826DBD0) current active started main>
	Expected: <greenlet.greenlet object at 0x0000029E4B66DB00 (otid=0x0000029E4826D3D0) suspended active started main>
2026-07-13 14:10:14 [ERROR] crawler: 게시글 본문 수집 실패: https://www.instiz.net/name_beauty/1668028?category=34&green=1&grnpage=2 - Cannot switch to a different thread
	Current:  <greenlet.greenlet object at 0x0000029E4BEC8140 (otid=0x0000029E4826D4D0) current active started main>
	Expected: <greenlet.greenlet object at 0x0000029E4B66DB00 (otid=0x0000029E4826D3D0) suspended active started main>
2026-07-13 14:10:14 [ERROR] crawler: 게시글 본문 수집 실패: https://www.instiz.net/name_beauty/1668011?category=1&green=1&grnpage=2 - Cannot switch to a different thread
	Current:  <greenlet.greenlet object at 0x0000029E4BEC83C0 (otid=0x0000029E4826DC10) current active started main>
	Expected: <greenlet.greenlet object at 0x0000029E4B66DB00 (otid=0x0000029E4826D3D0) suspended active started main>
2026-07-13 14:10:14 [ERROR] crawler: 게시글 본문 수집 실패: https://www.instiz.net/name_beauty/1668032?category=34&green=1 - Cannot switch to a different thread
	Current:  <greenlet.greenlet object at 0x0000029E4BEC9240 (otid=0x0000029E4826D510) current active started main>
	Expected: <greenlet.greenlet object at 0x0000029E4B66DB00 (otid=0x0000029E4826D3D0) suspended active started main>
2026-07-13 14:10:14 [ERROR] crawler: 게시글 본문 수집 실패: https://www.instiz.net/name_beauty/1668022?category=1&green=1&grnpage=2 - Cannot switch to a different thread
	Current:  <greenlet.greenlet object at 0x0000029E4BEC8740 (otid=0x0000029E4826DC90) current active started main>
	Expected: <greenlet.greenlet object at 0x0000029E4B66DB00 (otid=0x0000029E4826D3D0) suspended active started main>
2026-07-13 14:10:14 [ERROR] crawler: 게시글 본문 수집 실패: https://www.instiz.net/name_beauty/1668014?category=27&green=1&grnpage=3 - Cannot switch to a different thread
	Current:  <greenlet.greenlet object at 0x0000029E4BEC8440 (otid=0x0000029E4826DBD0) current active started main>
	Expected: <greenlet.greenlet object at 0x0000029E4B66DB00 (otid=0x0000029E4826D3D0) suspended active started main>
2026-07-13 14:10:14 [ERROR] crawler: 게시글 본문 수집 실패: https://www.instiz.net/name_beauty/1668006?category=27&green=1&grnpage=3 - Cannot switch to a different thread
	Current:  <greenlet.greenlet object at 0x0000029E4BEC8140 (otid=0x0000029E4826D4D0) current active started main>
	Expected: <greenlet.greenlet object at 0x0000029E4B66DB00 (otid=0x0000029E4826D3D0) suspended active started main>
2026-07-13 14:10:14 [ERROR] crawler: 게시글 본문 수집 실패: https://www.instiz.net/name_beauty/1668009?category=34&green=1&grnpage=3 - Cannot switch to a different thread
	Current:  <greenlet.greenlet object at 0x0000029E4BEC83C0 (otid=0x0000029E4826DC10) current active started main>
	Expected: <greenlet.greenlet object at 0x0000029E4B66DB00 (otid=0x0000029E4826D3D0) suspended active started main>
2026-07-13 14:10:14 [ERROR] crawler: 게시글 본문 수집 실패: https://www.instiz.net/name_beauty/1668008?category=34&green=1&grnpage=3 - Cannot switch to a different thread
	Current:  <greenlet.greenlet object at 0x0000029E4BEC9240 (otid=0x0000029E4826D510) current active started main>
	Expected: <greenlet.greenlet object at 0x0000029E4B66DB00 (otid=0x0000029E4826D3D0) suspended active started main>
2026-07-13 14:10:14 [ERROR] crawler: 게시글 본문 수집 실패: https://www.instiz.net/name_beauty/1668031?category=1&green=1&grnpage=3 - Cannot switch to a different thread
	Current:  <greenlet.greenlet object at 0x0000029E4BEC8740 (otid=0x0000029E4826DC90) current active started main>
	Expected: <greenlet.greenlet object at 0x0000029E4B66DB00 (otid=0x0000029E4826D3D0) suspended active started main>
2026-07-13 14:10:14 [INFO] crawler: 게시글 본문 수집 완료: 15개 게시글
2026-07-13 14:10:14 [INFO] __main__: 게시글 CSV 저장 완료: output\instiz_name_beauty_1_1.csv (15개)
2026-07-13 14:10:14 [INFO] __main__: ==================================================
2026-07-13 14:10:14 [INFO] __main__: 크롤링 완료
2026-07-13 14:10:14 [INFO] __main__: ==================================================
2026-07-13 14:10:14 [INFO] __main__: 시작 시간: 2026-07-13T14:10:04.456826
2026-07-13 14:10:14 [INFO] __main__: 종료 시간: 2026-07-13T14:10:14.455959
2026-07-13 14:10:14 [INFO] __main__: 실행 시간: 9초
2026-07-13 14:10:14 [INFO] __main__: --------------------------------------------------
2026-07-13 14:10:14 [INFO] __main__: 게시판 수: 1
2026-07-13 14:10:14 [INFO] __main__: 페이지 수: 1
2026-07-13 14:10:14 [INFO] __main__: 게시글 수: 15
2026-07-13 14:10:14 [INFO] __main__: 댓글 수: 0
2026-07-13 14:10:14 [INFO] __main__: --------------------------------------------------
2026-07-13 14:10:14 [INFO] __main__: 오류 수: 15
2026-07-13 14:10:14 [INFO] __main__: 재시도 횟수: 0
2026-07-13 14:10:14 [INFO] __main__: 평균 처리 속도: 1.50 게시글/초
2026-07-13 14:10:14 [INFO] __main__: ==================================================
2026-07-13 14:10:14 [INFO] __main__: 인스티즈 크롤러 종료
2026-07-13 14:10:14 [INFO] crawler: 브라우저 종료 중...
2026-07-13 14:10:14 [INFO] crawler: 브라우저 종료 완료
2026-07-13 14:11:20 [INFO] __main__: 인스티즈 크롤러 시작
2026-07-13 14:11:20 [INFO] crawler: 브라우저 시작 중...
2026-07-13 14:11:22 [INFO] crawler: 브라우저 시작 완료
2026-07-13 14:11:22 [INFO] __main__: 
게시판 크롤링: name_beauty (카테고리: 12, 페이지: 1~1)
2026-07-13 14:11:22 [INFO] crawler: 게시판 크롤링 시작: name_beauty (카테고리: 12)
2026-07-13 14:11:27 [INFO] crawler: 게시판 크롤링 완료: 15개 게시글 수집
2026-07-13 14:11:27 [INFO] crawler: 게시글 본문 수집 시작: 15개 게시글
2026-07-13 14:11:27 [ERROR] crawler: 게시글 본문 수집 실패: https://www.instiz.net/name_beauty/1668005?category=1&green=1 - cannot switch to a different thread
2026-07-13 14:11:27 [ERROR] crawler: 게시글 본문 수집 실패: https://www.instiz.net/name_beauty/1668002?category=34&green=1 - cannot switch to a different thread
2026-07-13 14:11:27 [ERROR] crawler: 게시글 본문 수집 실패: https://www.instiz.net/name_beauty/1668026?category=1&green=1 - cannot switch to a different thread
2026-07-13 14:11:27 [ERROR] crawler: 게시글 본문 수집 실패: https://www.instiz.net/name_beauty/1668011?category=1&green=1&grnpage=2 - cannot switch to a different thread
2026-07-13 14:11:27 [ERROR] crawler: 게시글 본문 수집 실패: https://www.instiz.net/name_beauty/1668027?category=27&green=1&grnpage=2 - cannot switch to a different thread
2026-07-13 14:11:27 [ERROR] crawler: 게시글 본문 수집 실패: https://www.instiz.net/name_beauty/1668022?category=1&green=1&grnpage=2 - cannot switch to a different thread
2026-07-13 14:11:27 [ERROR] crawler: 게시글 본문 수집 실패: https://www.instiz.net/name_beauty/1668028?category=34&green=1&grnpage=2 - cannot switch to a different thread
2026-07-13 14:11:27 [ERROR] crawler: 게시글 본문 수집 실패: https://www.instiz.net/name_beauty/1668030?category=34&green=1 - cannot switch to a different thread
2026-07-13 14:11:27 [ERROR] crawler: 게시글 본문 수집 실패: https://www.instiz.net/name_beauty/1668032?category=34&green=1 - cannot switch to a different thread
2026-07-13 14:11:27 [ERROR] crawler: 게시글 본문 수집 실패: https://www.instiz.net/name_beauty/1668025?category=27&green=1&grnpage=2 - cannot switch to a different thread
2026-07-13 14:11:27 [ERROR] crawler: 게시글 본문 수집 실패: https://www.instiz.net/name_beauty/1668014?category=27&green=1&grnpage=3 - cannot switch to a different thread
2026-07-13 14:11:27 [ERROR] crawler: 게시글 본문 수집 실패: https://www.instiz.net/name_beauty/1668006?category=27&green=1&grnpage=3 - cannot switch to a different thread
2026-07-13 14:11:27 [ERROR] crawler: 게시글 본문 수집 실패: https://www.instiz.net/name_beauty/1668009?category=34&green=1&grnpage=3 - cannot switch to a different thread
2026-07-13 14:11:27 [ERROR] crawler: 게시글 본문 수집 실패: https://www.instiz.net/name_beauty/1668008?category=34&green=1&grnpage=3 - cannot switch to a different thread
2026-07-13 14:11:27 [ERROR] crawler: 게시글 본문 수집 실패: https://www.instiz.net/name_beauty/1668031?category=1&green=1&grnpage=3 - cannot switch to a different thread
2026-07-13 14:11:27 [INFO] crawler: 게시글 본문 수집 완료: 15개 게시글
2026-07-13 14:11:27 [INFO] __main__: 게시글 CSV 저장 완료: output\instiz_name_beauty_1_1.csv (15개)
2026-07-13 14:11:27 [INFO] __main__: ==================================================
2026-07-13 14:11:27 [INFO] __main__: 크롤링 완료
2026-07-13 14:11:27 [INFO] __main__: ==================================================
2026-07-13 14:11:27 [INFO] __main__: 시작 시간: 2026-07-13T14:11:20.424390
2026-07-13 14:11:27 [INFO] __main__: 종료 시간: 2026-07-13T14:11:27.898449
2026-07-13 14:11:27 [INFO] __main__: 실행 시간: 7초
2026-07-13 14:11:27 [INFO] __main__: --------------------------------------------------
2026-07-13 14:11:27 [INFO] __main__: 게시판 수: 1
2026-07-13 14:11:27 [INFO] __main__: 페이지 수: 1
2026-07-13 14:11:27 [INFO] __main__: 게시글 수: 15
2026-07-13 14:11:27 [INFO] __main__: 댓글 수: 0
2026-07-13 14:11:27 [INFO] __main__: --------------------------------------------------
2026-07-13 14:11:27 [INFO] __main__: 오류 수: 15
2026-07-13 14:11:27 [INFO] __main__: 재시도 횟수: 0
2026-07-13 14:11:27 [INFO] __main__: 평균 처리 속도: 2.01 게시글/초
2026-07-13 14:11:27 [INFO] __main__: ==================================================
2026-07-13 14:11:27 [INFO] __main__: 인스티즈 크롤러 종료
2026-07-13 14:11:27 [INFO] crawler: 브라우저 종료 중...
2026-07-13 14:11:28 [INFO] crawler: 브라우저 종료 완료
2026-07-13 14:14:53 [INFO] __main__: 인스티즈 크롤러 시작
2026-07-13 14:14:53 [INFO] crawler: 브라우저 시작 중...
2026-07-13 14:14:53 [INFO] crawler: 브라우저 시작 완료
2026-07-13 14:14:53 [INFO] __main__: 
게시판 크롤링: name_beauty (카테고리: 12, 페이지: 1~2)
2026-07-13 14:14:53 [INFO] crawler: 게시판 크롤링 시작: name_beauty (카테고리: 12)
2026-07-13 14:15:03 [WARNING] parser: 게시물 항목을 찾을 수 없음: tr#detour
2026-07-13 14:15:03 [INFO] crawler: 게시판 크롤링 완료: 15개 게시글 수집
2026-07-13 14:15:03 [INFO] crawler: 게시글 본문 수집 시작: 15개 게시글
2026-07-13 14:15:35 [WARNING] crawler: 재시도 1/3 (1.0초 후): https://www.instiz.net/name_beauty/1668005?category=1&green=1 - [TimeoutError]
2026-07-13 14:16:02 [WARNING] crawler: 재시도 2/3 (1.5초 후): https://www.instiz.net/name_beauty/1668005?category=1&green=1 - [Error]
2026-07-13 14:16:13 [ERROR] crawler: 최대 재시도 3회 초과: https://www.instiz.net/name_beauty/1668005?category=1&green=1 - [Error] Target page, context or browser has been closed
=========================== logs ===========================
"load" event fired
============================================================
2026-07-13 14:16:14 [WARNING] crawler: 재시도 1/3 (1.0초 후): https://www.instiz.net/name_beauty/1668002?category=34&green=1 - [TargetClosedError]
2026-07-13 14:16:16 [WARNING] crawler: 재시도 2/3 (1.5초 후): https://www.instiz.net/name_beauty/1668002?category=34&green=1 - [TargetClosedError]
2026-07-13 14:16:22 [INFO] __main__: 인스티즈 크롤러 시작
2026-07-13 14:16:22 [INFO] crawler: 브라우저 시작 중...
2026-07-13 14:16:24 [INFO] crawler: 브라우저 시작 완료
2026-07-13 14:16:24 [INFO] __main__: 
게시판 크롤링: name_beauty (카테고리: 12, 페이지: 1~1)
2026-07-13 14:16:24 [INFO] crawler: 게시판 크롤링 시작: name_beauty (카테고리: 12)
2026-07-13 14:16:31 [INFO] crawler: 게시판 크롤링 완료: 15개 게시글 수집
2026-07-13 14:16:31 [INFO] crawler: 게시글 본문 수집 시작: 15개 게시글
2026-07-13 14:17:04 [WARNING] crawler: 재시도 1/3 (1.0초 후): https://www.instiz.net/name_beauty/1668005?category=1&green=1 - [TimeoutError]
2026-07-13 14:17:48 [WARNING] crawler: 재시도 2/3 (1.5초 후): https://www.instiz.net/name_beauty/1668005?category=1&green=1 - [TimeoutError]
2026-07-13 14:18:22 [ERROR] crawler: 최대 재시도 3회 초과: https://www.instiz.net/name_beauty/1668005?category=1&green=1 - [TimeoutError] Timeout 30000ms exceeded.
=========================== logs ===========================
"load" event fired
============================================================
2026-07-13 14:18:55 [WARNING] crawler: 재시도 1/3 (1.0초 후): https://www.instiz.net/name_beauty/1668002?category=34&green=1 - [TimeoutError]
2026-07-13 14:19:29 [WARNING] crawler: 재시도 2/3 (1.5초 후): https://www.instiz.net/name_beauty/1668002?category=34&green=1 - [TimeoutError]
2026-07-13 14:20:03 [ERROR] crawler: 최대 재시도 3회 초과: https://www.instiz.net/name_beauty/1668002?category=34&green=1 - [TimeoutError] Timeout 30000ms exceeded.
=========================== logs ===========================
"load" event fired
============================================================
2026-07-13 14:20:35 [WARNING] crawler: 재시도 1/3 (1.0초 후): https://www.instiz.net/name_beauty/1668026?category=1&green=1 - [TimeoutError]
2026-07-13 14:21:10 [WARNING] crawler: 재시도 2/3 (1.5초 후): https://www.instiz.net/name_beauty/1668026?category=1&green=1 - [TimeoutError]
2026-07-13 14:21:43 [ERROR] crawler: 최대 재시도 3회 초과: https://www.instiz.net/name_beauty/1668026?category=1&green=1 - [TimeoutError] Timeout 30000ms exceeded.
=========================== logs ===========================
"load" event fired
============================================================
2026-07-13 14:22:16 [WARNING] crawler: 재시도 1/3 (1.0초 후): https://www.instiz.net/name_beauty/1668030?category=34&green=1 - [TimeoutError]
2026-07-13 14:22:50 [WARNING] crawler: 재시도 2/3 (1.5초 후): https://www.instiz.net/name_beauty/1668030?category=34&green=1 - [TimeoutError]
2026-07-13 14:23:24 [ERROR] crawler: 최대 재시도 3회 초과: https://www.instiz.net/name_beauty/1668030?category=34&green=1 - [TimeoutError] Timeout 30000ms exceeded.
=========================== logs ===========================
"load" event fired
============================================================
2026-07-13 14:24:10 [WARNING] crawler: 재시도 1/3 (1.0초 후): https://www.instiz.net/name_beauty/1668032?category=34&green=1 - [TimeoutError]
2026-07-13 14:24:44 [WARNING] crawler: 재시도 2/3 (1.5초 후): https://www.instiz.net/name_beauty/1668032?category=34&green=1 - [TimeoutError]
2026-07-13 14:25:18 [ERROR] crawler: 최대 재시도 3회 초과: https://www.instiz.net/name_beauty/1668032?category=34&green=1 - [TimeoutError] Timeout 30000ms exceeded.
=========================== logs ===========================
"load" event fired
============================================================
2026-07-13 14:25:56 [WARNING] crawler: 재시도 1/3 (1.0초 후): https://www.instiz.net/name_beauty/1668028?category=34&green=1&grnpage=2 - [TimeoutError]
2026-07-13 14:26:32 [WARNING] crawler: 재시도 2/3 (1.5초 후): https://www.instiz.net/name_beauty/1668028?category=34&green=1&grnpage=2 - [TimeoutError]
2026-07-13 14:27:06 [ERROR] crawler: 최대 재시도 3회 초과: https://www.instiz.net/name_beauty/1668028?category=34&green=1&grnpage=2 - [TimeoutError] Timeout 30000ms exceeded.
=========================== logs ===========================
"load" event fired
============================================================
2026-07-13 14:27:40 [WARNING] crawler: 재시도 1/3 (1.0초 후): https://www.instiz.net/name_beauty/1668011?category=1&green=1&grnpage=2 - [TimeoutError]
2026-07-13 14:28:14 [WARNING] crawler: 재시도 2/3 (1.5초 후): https://www.instiz.net/name_beauty/1668011?category=1&green=1&grnpage=2 - [TimeoutError]
2026-07-13 14:28:48 [ERROR] crawler: 최대 재시도 3회 초과: https://www.instiz.net/name_beauty/1668011?category=1&green=1&grnpage=2 - [TimeoutError] Timeout 30000ms exceeded.
=========================== logs ===========================
"load" event fired
============================================================
2026-07-13 14:29:21 [WARNING] crawler: 재시도 1/3 (1.0초 후): https://www.instiz.net/name_beauty/1668027?category=27&green=1&grnpage=2 - [TimeoutError]
2026-07-13 14:29:55 [WARNING] crawler: 재시도 2/3 (1.5초 후): https://www.instiz.net/name_beauty/1668027?category=27&green=1&grnpage=2 - [TimeoutError]
2026-07-13 14:30:29 [ERROR] crawler: 최대 재시도 3회 초과: https://www.instiz.net/name_beauty/1668027?category=27&green=1&grnpage=2 - [TimeoutError] Timeout 30000ms exceeded.
=========================== logs ===========================
"load" event fired
============================================================
2026-07-13 14:31:02 [WARNING] crawler: 재시도 1/3 (1.0초 후): https://www.instiz.net/name_beauty/1668022?category=1&green=1&grnpage=2 - [TimeoutError]
2026-07-13 14:40:20 [WARNING] crawler: 재시도 2/3 (1.5초 후): https://www.instiz.net/name_beauty/1668022?category=1&green=1&grnpage=2 - [Error]
2026-07-13 16:12:31 [ERROR] crawler: 최대 재시도 3회 초과: https://www.instiz.net/name_beauty/1668022?category=1&green=1&grnpage=2 - [Error] net::ERR_INTERNET_DISCONNECTED at https://www.instiz.net/name_beauty/1668022?category=1&green=1&grnpage=2
2026-07-13 16:13:39 [WARNING] crawler: 재시도 1/3 (1.0초 후): https://www.instiz.net/name_beauty/1668014?category=27&green=1&grnpage=3 - [TimeoutError]
2026-07-13 16:14:13 [WARNING] crawler: 재시도 2/3 (1.5초 후): https://www.instiz.net/name_beauty/1668014?category=27&green=1&grnpage=3 - [TimeoutError]
2026-07-13 16:14:47 [ERROR] crawler: 최대 재시도 3회 초과: https://www.instiz.net/name_beauty/1668014?category=27&green=1&grnpage=3 - [TimeoutError] Timeout 30000ms exceeded.
=========================== logs ===========================
"load" event fired
============================================================
2026-07-13 16:15:20 [WARNING] crawler: 재시도 1/3 (1.0초 후): https://www.instiz.net/name_beauty/1668006?category=27&green=1&grnpage=3 - [TimeoutError]
2026-07-13 16:15:53 [WARNING] crawler: 재시도 2/3 (1.5초 후): https://www.instiz.net/name_beauty/1668006?category=27&green=1&grnpage=3 - [TimeoutError]
2026-07-13 16:16:26 [WARNING] __main__: 
사용자에 의해 크롤링 중단됨
2026-07-13 16:16:26 [INFO] crawler: 브라우저 종료 중...
